This is pdfTeX, Version 3.1415926-2.4-1.40.13 (MiKTeX 2.9 64-bit) (preloaded format=pdflatex 2013.9.25)  3 NOV 2014 13:35
entering extended mode
**P:/Google*Drive/HEC/ML/proj1/latex/paper.tex
("P:/Google Drive/HEC/ML/proj1/latex/paper.tex"
LaTeX2e <2011/06/27>
Babel <v3.8m> and hyphenation patterns for english, afrikaans, ancientgreek, ar
abic, armenian, assamese, basque, bengali, bokmal, bulgarian, catalan, coptic, 
croatian, czech, danish, dutch, esperanto, estonian, farsi, finnish, french, ga
lician, german, german-x-2012-05-30, greek, gujarati, hindi, hungarian, iceland
ic, indonesian, interlingua, irish, italian, kannada, kurmanji, latin, latvian,
 lithuanian, malayalam, marathi, mongolian, mongolianlmc, monogreek, ngerman, n
german-x-2012-05-30, nynorsk, oriya, panjabi, pinyin, polish, portuguese, roman
ian, russian, sanskrit, serbian, slovak, slovenian, spanish, swedish, swissgerm
an, tamil, telugu, turkish, turkmen, ukenglish, ukrainian, uppersorbian, usengl
ishmax, welsh, loaded.
(P:\MiKTeX\tex\latex\base\article.cls
Document Class: article 2007/10/19 v1.4h Standard LaTeX document class
(P:\MiKTeX\tex\latex\base\size10.clo
File: size10.clo 2007/10/19 v1.4h Standard LaTeX file (size option)
)
\c@part=\count79
\c@section=\count80
\c@subsection=\count81
\c@subsubsection=\count82
\c@paragraph=\count83
\c@subparagraph=\count84
\c@figure=\count85
\c@table=\count86
\abovecaptionskip=\skip41
\belowcaptionskip=\skip42
\bibindent=\dimen102
)
("P:\Google Drive\HEC\ML\proj1\latex\nips13submit_e.sty"
(P:\MiKTeX\tex\latex\eso-pic\eso-pic.sty
Package: eso-pic 2013/10/06 v2.0d eso-pic (RN)

(P:\MiKTeX\tex\generic\oberdiek\atbegshi.sty
Package: atbegshi 2011/10/05 v1.16 At begin shipout hook (HO)

(P:\MiKTeX\tex\generic\oberdiek\infwarerr.sty
Package: infwarerr 2010/04/08 v1.3 Providing info/warning/error messages (HO)
)
(P:\MiKTeX\tex\generic\oberdiek\ltxcmds.sty
Package: ltxcmds 2011/11/09 v1.22 LaTeX kernel commands for general use (HO)
)
(P:\MiKTeX\tex\generic\oberdiek\ifpdf.sty
Package: ifpdf 2011/01/30 v2.3 Provides the ifpdf switch (HO)
Package ifpdf Info: pdfTeX in PDF mode is detected.
))
(P:\MiKTeX\tex\latex\graphics\keyval.sty
Package: keyval 1999/03/16 v1.13 key=value parser (DPC)
\KV@toks@=\toks14
)
(P:\MiKTeX\tex\latex\xcolor\xcolor.sty
Package: xcolor 2007/01/21 v2.11 LaTeX color extensions (UK)
 (P:\MiKTeX\tex\latex\00miktex\color.cfg
File: color.cfg 2007/01/18 v1.5 color configuration of teTeX/TeXLive
)
Package xcolor Info: Driver file: pdftex.def on input line 225.
(P:\MiKTeX\tex\latex\pdftex-def\pdftex.def
File: pdftex.def 2011/05/27 v0.06d Graphics/color for pdfTeX
\Gread@gobject=\count87
)
Package xcolor Info: Model `cmy' substituted by `cmy0' on input line 1337.
Package xcolor Info: Model `hsb' substituted by `rgb' on input line 1341.
Package xcolor Info: Model `RGB' extended on input line 1353.
Package xcolor Info: Model `HTML' substituted by `rgb' on input line 1355.
Package xcolor Info: Model `Hsb' substituted by `hsb' on input line 1356.
Package xcolor Info: Model `tHsb' substituted by `hsb' on input line 1357.
Package xcolor Info: Model `HSB' substituted by `hsb' on input line 1358.
Package xcolor Info: Model `Gray' substituted by `gray' on input line 1359.
Package xcolor Info: Model `wave' substituted by `hsb' on input line 1360.
))
\nipsrulerbox=\box26
\nipsrulercount=\count88
\nipsruleroffset=\dimen103
\cv@lineheight=\dimen104
\cv@boxheight=\dimen105
\cv@tmpbox=\box27
\cv@refno=\count89
\cv@tot=\count90
\cv@tmpc@=\count91
\cv@tmpc=\count92
)
(P:\MiKTeX\tex\latex\psnfss\times.sty
Package: times 2005/04/12 PSNFSS-v9.2a (SPQR) 
)
(P:\MiKTeX\tex\latex\hyperref\hyperref.sty
Package: hyperref 2012/11/06 v6.83m Hypertext links for LaTeX

(P:\MiKTeX\tex\generic\oberdiek\hobsub-hyperref.sty
Package: hobsub-hyperref 2012/04/25 v1.12 Bundle oberdiek, subset hyperref (HO)


(P:\MiKTeX\tex\generic\oberdiek\hobsub-generic.sty
Package: hobsub-generic 2012/04/25 v1.12 Bundle oberdiek, subset generic (HO)
Package: hobsub 2012/04/25 v1.12 Construct package bundles (HO)
Package hobsub Info: Skipping package `infwarerr' (already loaded).
Package hobsub Info: Skipping package `ltxcmds' (already loaded).
Package: ifluatex 2010/03/01 v1.3 Provides the ifluatex switch (HO)
Package ifluatex Info: LuaTeX not detected.
Package: ifvtex 2010/03/01 v1.5 Detect VTeX and its facilities (HO)
Package ifvtex Info: VTeX not detected.
Package: intcalc 2007/09/27 v1.1 Expandable calculations with integers (HO)
Package hobsub Info: Skipping package `ifpdf' (already loaded).
Package: etexcmds 2011/02/16 v1.5 Avoid name clashes with e-TeX commands (HO)
Package etexcmds Info: Could not find \expanded.
(etexcmds)             That can mean that you are not using pdfTeX 1.50 or
(etexcmds)             that some package has redefined \expanded.
(etexcmds)             In the latter case, load this package earlier.
Package: kvsetkeys 2012/04/25 v1.16 Key value parser (HO)
Package: kvdefinekeys 2011/04/07 v1.3 Define keys (HO)
Package: pdftexcmds 2011/11/29 v0.20 Utility functions of pdfTeX for LuaTeX (HO
)
Package pdftexcmds Info: LuaTeX not detected.
Package pdftexcmds Info: \pdf@primitive is available.
Package pdftexcmds Info: \pdf@ifprimitive is available.
Package pdftexcmds Info: \pdfdraftmode found.
Package: pdfescape 2011/11/25 v1.13 Implements pdfTeX's escape features (HO)
Package: bigintcalc 2012/04/08 v1.3 Expandable calculations on big integers (HO
)
Package: bitset 2011/01/30 v1.1 Handle bit-vector datatype (HO)
Package: uniquecounter 2011/01/30 v1.2 Provide unlimited unique counter (HO)
)
Package hobsub Info: Skipping package `hobsub' (already loaded).
Package: letltxmacro 2010/09/02 v1.4 Let assignment for LaTeX macros (HO)
Package: hopatch 2011/06/24 v1.1 Wrapper for package hooks (HO)
Package: xcolor-patch 2011/01/30 xcolor patch
Package: atveryend 2011/06/30 v1.8 Hooks at the very end of document (HO)
Package atveryend Info: \enddocument detected (standard20110627).
Package hobsub Info: Skipping package `atbegshi' (already loaded).
Package: refcount 2011/10/16 v3.4 Data extraction from label references (HO)
Package: hycolor 2011/01/30 v1.7 Color options for hyperref/bookmark (HO)
)
(P:\MiKTeX\tex\generic\ifxetex\ifxetex.sty
Package: ifxetex 2010/09/12 v0.6 Provides ifxetex conditional
)
(P:\MiKTeX\tex\latex\oberdiek\auxhook.sty
Package: auxhook 2011/03/04 v1.3 Hooks for auxiliary files (HO)
)
(P:\MiKTeX\tex\latex\oberdiek\kvoptions.sty
Package: kvoptions 2011/06/30 v3.11 Key value format for package options (HO)
)
\@linkdim=\dimen106
\Hy@linkcounter=\count93
\Hy@pagecounter=\count94

(P:\MiKTeX\tex\latex\hyperref\pd1enc.def
File: pd1enc.def 2012/11/06 v6.83m Hyperref: PDFDocEncoding definition (HO)
)
\Hy@SavedSpaceFactor=\count95

(P:\MiKTeX\tex\latex\00miktex\hyperref.cfg
File: hyperref.cfg 2002/06/06 v1.2 hyperref configuration of TeXLive
)
Package hyperref Info: Hyper figures OFF on input line 4443.
Package hyperref Info: Link nesting OFF on input line 4448.
Package hyperref Info: Hyper index ON on input line 4451.
Package hyperref Info: Plain pages OFF on input line 4458.
Package hyperref Info: Backreferencing OFF on input line 4463.
Package hyperref Info: Implicit mode ON; LaTeX internals redefined.
Package hyperref Info: Bookmarks ON on input line 4688.
\c@Hy@tempcnt=\count96

(P:\MiKTeX\tex\latex\ltxmisc\url.sty
\Urlmuskip=\muskip10
Package: url 2006/04/12  ver 3.3  Verb mode for urls, etc.
)
LaTeX Info: Redefining \url on input line 5041.
\XeTeXLinkMargin=\dimen107
\Fld@menulength=\count97
\Field@Width=\dimen108
\Fld@charsize=\dimen109
Package hyperref Info: Hyper figures OFF on input line 6295.
Package hyperref Info: Link nesting OFF on input line 6300.
Package hyperref Info: Hyper index ON on input line 6303.
Package hyperref Info: backreferencing OFF on input line 6310.
Package hyperref Info: Link coloring OFF on input line 6315.
Package hyperref Info: Link coloring with OCG OFF on input line 6320.
Package hyperref Info: PDF/A mode OFF on input line 6325.
LaTeX Info: Redefining \ref on input line 6365.
LaTeX Info: Redefining \pageref on input line 6369.
\Hy@abspage=\count98
\c@Item=\count99
\c@Hfootnote=\count100
)

Package hyperref Message: Driver (autodetected): hpdftex.

(P:\MiKTeX\tex\latex\hyperref\hpdftex.def
File: hpdftex.def 2012/11/06 v6.83m Hyperref driver for pdfTeX
\Fld@listcount=\count101
\c@bookmark@seq@number=\count102

(P:\MiKTeX\tex\latex\oberdiek\rerunfilecheck.sty
Package: rerunfilecheck 2011/04/15 v1.7 Rerun checks for auxiliary files (HO)
Package uniquecounter Info: New unique counter `rerunfilecheck' on input line 2
82.
)
\Hy@SectionHShift=\skip43
)
(P:\MiKTeX\tex\latex\graphics\graphicx.sty
Package: graphicx 1999/02/16 v1.0f Enhanced LaTeX Graphics (DPC,SPQR)

(P:\MiKTeX\tex\latex\graphics\graphics.sty
Package: graphics 2009/02/05 v1.0o Standard LaTeX Graphics (DPC,SPQR)

(P:\MiKTeX\tex\latex\graphics\trig.sty
Package: trig 1999/03/16 v1.09 sin cos tan (DPC)
)
(P:\MiKTeX\tex\latex\00miktex\graphics.cfg
File: graphics.cfg 2007/01/18 v1.5 graphics configuration of teTeX/TeXLive
)
Package graphics Info: Driver file: pdftex.def on input line 91.
)
\Gin@req@height=\dimen110
\Gin@req@width=\dimen111
)
(P:\MiKTeX\tex\latex\subfigure\subfigure.sty
Package: subfigure 2002/07/30 v2.1.4 subfigure package
\subfigtopskip=\skip44
\subfigcapskip=\skip45
\subfigcaptopadj=\dimen112
\subfigbottomskip=\skip46
\subfigcapmargin=\dimen113
\subfiglabelskip=\skip47
\c@subfigure=\count103
\c@lofdepth=\count104
\c@subtable=\count105
\c@lotdepth=\count106

****************************************
* Local config file subfigure.cfg used *
****************************************
(P:\MiKTeX\tex\latex\subfigure\subfigure.cfg)
\subfig@top=\skip48
\subfig@bottom=\skip49
)
(P:\MiKTeX\tex\latex\amsmath\amsmath.sty
Package: amsmath 2013/01/14 v2.14 AMS math features
\@mathmargin=\skip50

For additional information on amsmath, use the `?' option.
(P:\MiKTeX\tex\latex\amsmath\amstext.sty
Package: amstext 2000/06/29 v2.01

(P:\MiKTeX\tex\latex\amsmath\amsgen.sty
File: amsgen.sty 1999/11/30 v2.0
\@emptytoks=\toks15
\ex@=\dimen114
))
(P:\MiKTeX\tex\latex\amsmath\amsbsy.sty
Package: amsbsy 1999/11/29 v1.2d
\pmbraise@=\dimen115
)
(P:\MiKTeX\tex\latex\amsmath\amsopn.sty
Package: amsopn 1999/12/14 v2.01 operator names
)
\inf@bad=\count107
LaTeX Info: Redefining \frac on input line 210.
\uproot@=\count108
\leftroot@=\count109
LaTeX Info: Redefining \overline on input line 306.
\classnum@=\count110
\DOTSCASE@=\count111
LaTeX Info: Redefining \ldots on input line 378.
LaTeX Info: Redefining \dots on input line 381.
LaTeX Info: Redefining \cdots on input line 466.
\Mathstrutbox@=\box28
\strutbox@=\box29
\big@size=\dimen116
LaTeX Font Info:    Redeclaring font encoding OML on input line 566.
LaTeX Font Info:    Redeclaring font encoding OMS on input line 567.
\macc@depth=\count112
\c@MaxMatrixCols=\count113
\dotsspace@=\muskip11
\c@parentequation=\count114
\dspbrk@lvl=\count115
\tag@help=\toks16
\row@=\count116
\column@=\count117
\maxfields@=\count118
\andhelp@=\toks17
\eqnshift@=\dimen117
\alignsep@=\dimen118
\tagshift@=\dimen119
\tagwidth@=\dimen120
\totwidth@=\dimen121
\lineht@=\dimen122
\@envbody=\toks18
\multlinegap=\skip51
\multlinetaggap=\skip52
\mathdisplay@stack=\toks19
LaTeX Info: Redefining \[ on input line 2665.
LaTeX Info: Redefining \] on input line 2666.
)
(P:\MiKTeX\tex\latex\amsfonts\amsfonts.sty
Package: amsfonts 2013/01/14 v3.01 Basic AMSFonts support
\symAMSa=\mathgroup4
\symAMSb=\mathgroup5
LaTeX Font Info:    Overwriting math alphabet `\mathfrak' in version `bold'
(Font)                  U/euf/m/n --> U/euf/b/n on input line 106.
)
(P:\MiKTeX\tex\latex\base\ifthen.sty
Package: ifthen 2001/05/26 v1.1c Standard LaTeX ifthen package (DPC)
) (P:\MiKTeX\tex\latex\natbib\natbib.sty
Package: natbib 2010/09/13 8.31b (PWD, AO)
\bibhang=\skip53
\bibsep=\skip54
LaTeX Info: Redefining \cite on input line 694.
\c@NAT@ctr=\count119
)
("P:\Google Drive\HEC\ML\proj1\latex\paper.aux")
LaTeX Font Info:    Checking defaults for OML/cmm/m/it on input line 28.
LaTeX Font Info:    ... okay on input line 28.
LaTeX Font Info:    Checking defaults for T1/cmr/m/n on input line 28.
LaTeX Font Info:    ... okay on input line 28.
LaTeX Font Info:    Checking defaults for OT1/cmr/m/n on input line 28.
LaTeX Font Info:    ... okay on input line 28.
LaTeX Font Info:    Checking defaults for OMS/cmsy/m/n on input line 28.
LaTeX Font Info:    ... okay on input line 28.
LaTeX Font Info:    Checking defaults for OMX/cmex/m/n on input line 28.
LaTeX Font Info:    ... okay on input line 28.
LaTeX Font Info:    Checking defaults for U/cmr/m/n on input line 28.
LaTeX Font Info:    ... okay on input line 28.
LaTeX Font Info:    Checking defaults for PD1/pdf/m/n on input line 28.
LaTeX Font Info:    ... okay on input line 28.
LaTeX Font Info:    Try loading font information for OT1+ptm on input line 28.

(P:\MiKTeX\tex\latex\psnfss\ot1ptm.fd
File: ot1ptm.fd 2001/06/04 font definitions for OT1/ptm.
)
\AtBeginShipoutBox=\box30

(P:\MiKTeX\tex\context\base\supp-pdf.mkii
[Loading MPS to PDF converter (version 2006.09.02).]
\scratchcounter=\count120
\scratchdimen=\dimen123
\scratchbox=\box31
\nofMPsegments=\count121
\nofMParguments=\count122
\everyMPshowfont=\toks20
\MPscratchCnt=\count123
\MPscratchDim=\dimen124
\MPnumerator=\count124
\makeMPintoPDFobject=\count125
\everyMPtoPDFconversion=\toks21
)
Package hyperref Info: Link coloring OFF on input line 28.
 (P:\MiKTeX\tex\latex\hyperref\nameref.sty
Package: nameref 2012/10/27 v2.43 Cross-referencing by name of section

(P:\MiKTeX\tex\generic\oberdiek\gettitlestring.sty
Package: gettitlestring 2010/12/03 v1.4 Cleanup title references (HO)
)
\c@section@level=\count126
)
LaTeX Info: Redefining \ref on input line 28.
LaTeX Info: Redefining \pageref on input line 28.
LaTeX Info: Redefining \nameref on input line 28.

("P:\Google Drive\HEC\ML\proj1\latex\paper.out")
("P:\Google Drive\HEC\ML\proj1\latex\paper.out")
\@outlinefile=\write3
LaTeX Font Info:    Font shape `OT1/ptm/bx/n' in size <17.28> not available
(Font)              Font shape `OT1/ptm/b/n' tried instead on input line 31.
LaTeX Font Info:    Try loading font information for U+msa on input line 31.

(P:\MiKTeX\tex\latex\amsfonts\umsa.fd
File: umsa.fd 2013/01/14 v3.01 AMS symbols A
)
LaTeX Font Info:    Try loading font information for U+msb on input line 31.
 (P:\MiKTeX\tex\latex\amsfonts\umsb.fd
File: umsb.fd 2013/01/14 v3.01 AMS symbols B
)
LaTeX Font Info:    Font shape `OT1/ptm/bx/n' in size <10> not available
(Font)              Font shape `OT1/ptm/b/n' tried instead on input line 31.
LaTeX Font Info:    Try loading font information for OT1+pcr on input line 31.

(P:\MiKTeX\tex\latex\psnfss\ot1pcr.fd
File: ot1pcr.fd 2001/06/04 font definitions for OT1/pcr.
)
LaTeX Font Info:    Font shape `OT1/ptm/bx/n' in size <12> not available
(Font)              Font shape `OT1/ptm/b/n' tried instead on input line 32.

<figures/boxplotX.pdf, id=55, 711.65875pt x 284.06125pt>
File: figures/boxplotX.pdf Graphic file (type pdf)

<use figures/boxplotX.pdf>
Package pdftex.def Info: figures/boxplotX.pdf used on input line 54.
(pdftex.def)             Requested size: 180.67499pt x 72.11607pt.

<figures/histY.pdf, id=56, 711.65875pt x 284.06125pt>
File: figures/histY.pdf Graphic file (type pdf)
 <use figures/histY.pdf>
Package pdftex.def Info: figures/histY.pdf used on input line 56.
(pdftex.def)             Requested size: 180.67499pt x 72.11607pt.

<figures/correlations.pdf, id=57, 711.65875pt x 711.65875pt>
File: figures/correlations.pdf Graphic file (type pdf)

<use figures/correlations.pdf>
Package pdftex.def Info: figures/correlations.pdf used on input line 63.
(pdftex.def)             Requested size: 180.67499pt x 180.67244pt.

<figures/correlationsX.pdf, id=58, 711.65875pt x 711.65875pt>
File: figures/correlationsX.pdf Graphic file (type pdf)

<use figures/correlationsX.pdf>
Package pdftex.def Info: figures/correlationsX.pdf used on input line 65.
(pdftex.def)             Requested size: 180.67499pt x 180.67244pt.


LaTeX Warning: `!h' float specifier changed to `!ht'.

[1

{C:/ProgramData/MiKTeX/2.9/pdftex/config/pdftex.map}]
Underfull \vbox (badness 10000) has occurred while \output is active []

 [2 <P:/Google Drive/HEC/ML/proj1/latex/figures/boxplotX.pdf> <P:/Google Drive/
HEC/ML/proj1/latex/figures/histY.pdf> <P:/Google Drive/HEC/ML/proj1/latex/figur
es/correlations.pdf> <P:/Google Drive/HEC/ML/proj1/latex/figures/correlationsX.
pdf>]
<figures/dimRed.pdf, id=349, 853.1875pt x 569.12625pt>
File: figures/dimRed.pdf Graphic file (type pdf)

<use figures/dimRed.pdf>
Package pdftex.def Info: figures/dimRed.pdf used on input line 95.
(pdftex.def)             Requested size: 180.67499pt x 120.5187pt.

<figures/classificationWithRegression.pdf, id=354, 853.1875pt x 569.12625pt>
File: figures/classificationWithRegression.pdf Graphic file (type pdf)

<use figures/classificationWithRegression.pdf>
Package pdftex.def Info: figures/classificationWithRegression.pdf used on input
 line 110.
(pdftex.def)             Requested size: 180.67499pt x 120.5187pt.

<figures/alphaRegression.pdf, id=355, 711.65875pt x 284.06125pt>
File: figures/alphaRegression.pdf Graphic file (type pdf)

<use figures/alphaRegression.pdf>
Package pdftex.def Info: figures/alphaRegression.pdf used on input line 112.
(pdftex.def)             Requested size: 180.67499pt x 72.11607pt.

<figures/interactionReg.pdf, id=358, 853.1875pt x 569.12625pt>
File: figures/interactionReg.pdf Graphic file (type pdf)

<use figures/interactionReg.pdf>
Package pdftex.def Info: figures/interactionReg.pdf used on input line 122.
(pdftex.def)             Requested size: 180.67499pt x 120.5187pt.

<figures/interactionRegAfter.pdf, id=359, 853.1875pt x 569.12625pt>
File: figures/interactionRegAfter.pdf Graphic file (type pdf)

<use figures/interactionRegAfter.pdf>
Package pdftex.def Info: figures/interactionRegAfter.pdf used on input line 124
.
(pdftex.def)             Requested size: 180.67499pt x 120.5187pt.


LaTeX Warning: `!h' float specifier changed to `!ht'.

[3 <P:/Google Drive/HEC/ML/proj1/latex/figures/dimRed.pdf> <P:/Google Drive/HEC
/ML/proj1/latex/figures/classificationWithRegression.pdf> <P:/Google Drive/HEC/
ML/proj1/latex/figures/alphaRegression.pdf>] [4 <P:/Google Drive/HEC/ML/proj1/l
atex/figures/interactionReg.pdf> <P:/Google Drive/HEC/ML/proj1/latex/figures/in
teractionRegAfter.pdf>]
<figures/alphaLog.pdf, id=424, 711.65875pt x 569.12625pt>
File: figures/alphaLog.pdf Graphic file (type pdf)

<use figures/alphaLog.pdf>
Package pdftex.def Info: figures/alphaLog.pdf used on input line 150.
(pdftex.def)             Requested size: 180.67499pt x 144.48698pt.

<figures/dimRedLR.pdf, id=425, 711.65875pt x 569.12625pt>
File: figures/dimRedLR.pdf Graphic file (type pdf)

<use figures/dimRedLR.pdf>
Package pdftex.def Info: figures/dimRedLR.pdf used on input line 152.
(pdftex.def)             Requested size: 180.67499pt x 144.48698pt.

<figures/interaction.pdf, id=426, 711.65875pt x 284.06125pt>
File: figures/interaction.pdf Graphic file (type pdf)

<use figures/interaction.pdf>
Package pdftex.def Info: figures/interaction.pdf used on input line 154.
(pdftex.def)             Requested size: 180.67499pt x 72.11607pt.

<figures/interactions3.pdf, id=427, 711.65875pt x 569.12625pt>
File: figures/interactions3.pdf Graphic file (type pdf)

<use figures/interactions3.pdf>
Package pdftex.def Info: figures/interactions3.pdf used on input line 156.
(pdftex.def)             Requested size: 180.67499pt x 144.48698pt.
Package atveryend Info: Empty hook `BeforeClearDocument' on input line 168.
 [5

 <P:/Google Drive/HEC/ML/proj1/latex/figures/alphaLog.pdf> <P:/Google Drive/HEC
/ML/proj1/latex/figures/dimRedLR.pdf> <P:/Google Drive/HEC/ML/proj1/latex/figur
es/interaction.pdf> <P:/Google Drive/HEC/ML/proj1/latex/figures/interactions3.p
df>]
Package atveryend Info: Empty hook `AfterLastShipout' on input line 168.

("P:\Google Drive\HEC\ML\proj1\latex\paper.aux")
Package atveryend Info: Executing hook `AtVeryEndDocument' on input line 168.
Package atveryend Info: Executing hook `AtEndAfterFileList' on input line 168.
Package rerunfilecheck Info: File `paper.out' has not changed.
(rerunfilecheck)             Checksum: 4330576502A97CE885192B1C7EB79BA3;848.
Package atveryend Info: Empty hook `AtVeryVeryEnd' on input line 168.
 ) 
Here is how much of TeX's memory you used:
 6916 strings out of 493921
 96578 string characters out of 3154500
 188494 words of memory out of 3000000
 10068 multiletter control sequences out of 15000+200000
 23185 words of font info for 57 fonts, out of 3000000 for 9000
 841 hyphenation exceptions out of 8191
 37i,9n,39p,1180b,329s stack positions out of 5000i,500n,10000p,200000b,50000s
{P:/MiKTeX/fonts/enc/dvips/fontname/8r.enc}<P:/MiKTeX/fonts/type1/public/amsf
onts/cm/cmbx10.pfb><P:/MiKTeX/fonts/type1/public/amsfonts/cm/cmbx6.pfb><P:/MiKT
eX/fonts/type1/public/amsfonts/cm/cmbx7.pfb><P:/MiKTeX/fonts/type1/public/amsfo
nts/cm/cmbx9.pfb><P:/MiKTeX/fonts/type1/public/amsfonts/cm/cmmi10.pfb><P:/MiKTe
X/fonts/type1/public/amsfonts/cm/cmmi5.pfb><P:/MiKTeX/fonts/type1/public/amsfon
ts/cm/cmmi7.pfb><P:/MiKTeX/fonts/type1/public/amsfonts/cm/cmr10.pfb><P:/MiKTeX/
fonts/type1/public/amsfonts/cm/cmr7.pfb><P:/MiKTeX/fonts/type1/public/amsfonts/
cm/cmsy10.pfb><P:/MiKTeX/fonts/type1/public/amsfonts/cm/cmsy9.pfb><P:/MiKTeX/fo
nts/type1/urw/times/utmb8a.pfb><P:/MiKTeX/fonts/type1/urw/times/utmr8a.pfb><P:/
MiKTeX/fonts/type1/urw/times/utmri8a.pfb>
Output written on paper.pdf (5 pages, 1257126 bytes).
PDF statistics:
 513 PDF objects out of 1000 (max. 8388607)
 36 named destinations out of 1000 (max. 500000)
 162 words of extra memory for PDF output out of 10000 (max. 10000000)

